{"fatal":true,"level":"error"}
{"fatal":true,"level":"error"}
{"level":"error","message":"Wed May 17 2023 14:20:03 GMT+0300 (East Africa Time) - TokenExpiredError: jwt expired"}
{"fatal":true,"level":"error"}
{"fatal":true,"level":"error"}
{"level":"error","message":"Wed May 17 2023 16:25:54 GMT+0300 (East Africa Time) - TokenExpiredError: jwt expired"}
{"fatal":true,"level":"error"}
{"fatal":true,"level":"error"}
{"level":"error","message":"Mon May 22 2023 11:44:42 GMT+0300 (East Africa Time) - TokenExpiredError: jwt expired"}
{"level":"error","message":"Mon May 22 2023 13:07:03 GMT+0300 (East Africa Time) - TokenExpiredError: jwt expired"}
{"code":"ER_BAD_FIELD_ERROR","errno":1054,"level":"error","sql":"SELECT balance WHERE id = 1","sqlMessage":"Unknown column 'balance' in 'field list'","sqlState":"42S22"}
{"code":"ER_PARSE_ERROR","errno":1064,"level":"error","sql":"UPDATE USERS SET balance = 2400 WHERE id = 1; \n\t\t\t\t INSERT INTO TRANSACTIONS (owner_id,message,new_balance,amount,transaction_type,transaction_date) \n\t\t\t\t VALUES(\n\t\t\t\t\t1,\n\t\t\t\t\tAmount of $200 was deposited to your account at 12:22 on May 24, 2023,\n\t\t\t\t\t2400,\n\t\t\t\t\t200,\n\t\t\t\t\tdeposit,\n\t\t\t\t\tMay 24, 2023 12:22) ","sqlMessage":"You have an error in your SQL syntax; check the manual that corresponds to your MySQL server version for the right syntax to use near 'INSERT INTO TRANSACTIONS (owner_id,message,new_balance,amount,transaction_type,t' at line 2","sqlState":"42000"}
{"code":"ER_PARSE_ERROR","errno":1064,"level":"error","sql":"UPDATE USERS SET balance = ? WHERE id = ?; \n               INSERT INTO TRANSACTIONS (owner_id, message, new_balance, amount, transaction_type, transaction_date) \n               VALUES (?, ?, ?, ?, ?, ?)","sqlMessage":"You have an error in your SQL syntax; check the manual that corresponds to your MySQL server version for the right syntax to use near 'INSERT INTO TRANSACTIONS (owner_id, message, new_balance, amount, transaction_ty' at line 2","sqlState":"42000"}
{"code":"ER_PARSE_ERROR","errno":1064,"level":"error","sql":"UPDATE USERS SET balance = ? WHERE id = ?; \n               INSERT INTO TRANSACTIONS (owner_id, message, new_balance, amount, transaction_type, transaction_date) \n               VALUES (?, ?, ?, ?, ?, ?)","sqlMessage":"You have an error in your SQL syntax; check the manual that corresponds to your MySQL server version for the right syntax to use near 'INSERT INTO TRANSACTIONS (owner_id, message, new_balance, amount, transaction_ty' at line 2","sqlState":"42000"}
{"code":"ER_PARSE_ERROR","errno":1064,"level":"error","sql":"UPDATE USERS SET balance = ? WHERE id = ?; \n               INSERT INTO TRANSACTIONS (owner_id, message, new_balance, amount, transaction_type, transaction_date) \n               VALUES (?, ?, ?, ?, ?, ?)","sqlMessage":"You have an error in your SQL syntax; check the manual that corresponds to your MySQL server version for the right syntax to use near 'INSERT INTO TRANSACTIONS (owner_id, message, new_balance, amount, transaction_ty' at line 2","sqlState":"42000"}
{"code":"ER_PARSE_ERROR","errno":1064,"level":"error","sql":"UPDATE USERS SET balance = 2400 WHERE id = 1; \n               INSERT INTO TRANSACTIONS (owner_id, message, new_balance, amount, transaction_type, transaction_date) \n               VALUES (1, Amount of $200 was deposited to your account at 10:20 on June 2, 2023, 2400, 200, deposit, June 2, 2023 10:20)","sqlMessage":"You have an error in your SQL syntax; check the manual that corresponds to your MySQL server version for the right syntax to use near 'INSERT INTO TRANSACTIONS (owner_id, message, new_balance, amount, transaction_ty' at line 2","sqlState":"42000"}
{"code":"ER_PARSE_ERROR","errno":1064,"level":"error","sql":"UPDATE USERS SET balance = 2400 WHERE id = 1;INSERT INTO TRANSACTIONS (owner_id, message, new_balance, amount, transaction_type, transaction_date) VALUES (1, Amount of $200 was deposited to your account at 10:21 on June 2, 2023, 2400, 200, deposit, June 2, 2023 10:21)","sqlMessage":"You have an error in your SQL syntax; check the manual that corresponds to your MySQL server version for the right syntax to use near 'INSERT INTO TRANSACTIONS (owner_id, message, new_balance, amount, transaction_ty' at line 1","sqlState":"42000"}
{"code":"ER_PARSE_ERROR","errno":1064,"level":"error","sql":"UPDATE USERS SET balance = 2400 WHERE id = 1;INSERT INTO TRANSACTIONS (owner_id, message, new_balance, amount, transaction_type, transaction_date) VALUES (1,'Amount of $200 was deposited to your account at 10:24 on June 2, 2023', 2400, 200, 'deposit', 'June 2, 2023 10:24')","sqlMessage":"You have an error in your SQL syntax; check the manual that corresponds to your MySQL server version for the right syntax to use near 'INSERT INTO TRANSACTIONS (owner_id, message, new_balance, amount, transaction_ty' at line 1","sqlState":"42000"}
{"code":"ER_TRUNCATED_WRONG_VALUE","errno":1292,"level":"error","sql":"INSERT INTO TRANSACTIONS (owner_id, message, new_balance, amount, transaction_type, transaction_date) VALUES (1,'Amount of $200 was deposited to your account at 10:31 on June 2, 2023', 2600, 200, 'deposit', 'June 2, 2023 10:31')","sqlMessage":"Incorrect datetime value: 'June 2, 2023 10:31' for column 'transaction_date' at row 1","sqlState":"22007"}
{"code":"ER_TRUNCATED_WRONG_VALUE","errno":1292,"level":"error","sql":"INSERT INTO TRANSACTIONS (owner_id, message, new_balance, amount, transaction_type, transaction_date) VALUES (1,'Amount of $200 was deposited to your account at 10:33 on Jun 2, 2023', 2600, 200, 'deposit', 'Jun 2, 2023 10:33')","sqlMessage":"Incorrect datetime value: 'Jun 2, 2023 10:33' for column 'transaction_date' at row 1","sqlState":"22007"}
{"code":"ER_TRUNCATED_WRONG_VALUE","errno":1292,"level":"error","sql":"INSERT INTO TRANSACTIONS (owner_id, message, new_balance, amount, transaction_type, transaction_date) VALUES (1,'Amount of $200 was deposited to your account at 10:35 on Jun 02, 2023', 2600, 200, 'deposit', 'Jun 02, 2023 10:35')","sqlMessage":"Incorrect datetime value: 'Jun 02, 2023 10:35' for column 'transaction_date' at row 1","sqlState":"22007"}
{"code":"ER_TRUNCATED_WRONG_VALUE","errno":1292,"level":"error","sql":"INSERT INTO TRANSACTIONS (owner_id, message, new_balance, amount, transaction_type, transaction_date) VALUES (1,'Amount of $200 was deposited to your account at 10:35 on Jun-02, 2023', 2600, 200, 'deposit', 'Jun-02, 2023 10:35')","sqlMessage":"Incorrect datetime value: 'Jun-02, 2023 10:35' for column 'transaction_date' at row 1","sqlState":"22007"}
{"code":"ER_PARSE_ERROR","errno":1064,"level":"error","sql":"UPDATE USERS SET balance = 2600 WHERE id = 1;INSERT INTO TRANSACTIONS (owner_id, message, new_balance, amount, transaction_type, transaction_date) VALUES (1,'Amount of $200 was deposited to your account at 10:39:43 on 2023-06-02', 2600, 200, 'deposit', '2023-06-02 10:39:43')","sqlMessage":"You have an error in your SQL syntax; check the manual that corresponds to your MySQL server version for the right syntax to use near 'INSERT INTO TRANSACTIONS (owner_id, message, new_balance, amount, transaction_ty' at line 1","sqlState":"42000"}
{"code":"ER_TRUNCATED_WRONG_VALUE","errno":1292,"level":"error","sql":"INSERT INTO TRANSACTIONS (owner_id, message, new_balance, amount, transaction_type, transaction_date) VALUES (1, 'Amount of $200 was deposited to your account at 2023-06-02T08:34:01.661Z', 2600, 200, 'deposit', '2023-06-02T08:34:01.661Z')","sqlMessage":"Incorrect datetime value: '2023-06-02T08:34:01.661Z' for column 'transaction_date' at row 1","sqlState":"22007"}
{"level":"error","message":"Transaction rolled back"}
{"fatal":true,"level":"error"}
{"level":"error","message":"Fri Jun 02 2023 11:48:01 GMT+0300 (East Africa Time) - TokenExpiredError: jwt expired"}
{"fatal":true,"level":"error"}
{"fatal":true,"level":"error"}
{"fatal":true,"level":"error"}
{"fatal":true,"level":"error"}
{"fatal":true,"level":"error"}
{"fatal":true,"level":"error"}
{"fatal":true,"level":"error"}
{"fatal":true,"level":"error"}
{"fatal":true,"level":"error"}
{"fatal":true,"level":"error"}
